{"/Users/kinyano/Desktop/historia/src/App.vue": {"path":"/Users/kinyano/Desktop/historia/src/App.vue","statementMap":{"0":{"start":{"line":10,"column":9},"end":{"line":10,"column":null}},"1":{"start":{"line":14,"column":31},"end":{"line":14,"column":44}},"2":{"start":{"line":15,"column":37},"end":{"line":15,"column":50}}},"fnMap":{"0":{"name":"(anonymous_6)","decl":{"start":{"line":14,"column":27},"end":{"line":14,"column":31}},"loc":{"start":{"line":14,"column":31},"end":{"line":14,"column":44}}},"1":{"name":"(anonymous_7)","decl":{"start":{"line":15,"column":32},"end":{"line":15,"column":37}},"loc":{"start":{"line":15,"column":37},"end":{"line":15,"column":50}}}},"branchMap":{},"s":{"0":0,"1":0,"2":0},"f":{"0":0,"1":0},"b":{}}
,"/Users/kinyano/Desktop/historia/src/components/HelloWorld.vue": {"path":"/Users/kinyano/Desktop/historia/src/components/HelloWorld.vue","statementMap":{"0":{"start":{"line":8,"column":7},"end":{"line":8,"column":null}},"1":{"start":{"line":9,"column":8},"end":{"line":9,"column":25}},"2":{"start":{"line":8,"column":2},"end":{"line":10,"column":8}}},"fnMap":{},"branchMap":{},"s":{"0":1,"1":1,"2":1},"f":{},"b":{}}
,"/Users/kinyano/Desktop/historia/src/components/TheWelcome.vue": {"path":"/Users/kinyano/Desktop/historia/src/components/TheWelcome.vue","statementMap":{"0":{"start":{"line":18,"column":4},"end":{"line":18,"column":90}},"1":{"start":{"line":29,"column":4},"end":{"line":29,"column":92}},"2":{"start":{"line":31,"column":4},"end":{"line":31,"column":86}},"3":{"start":{"line":32,"column":4},"end":{"line":32,"column":93}},"4":{"start":{"line":34,"column":4},"end":{"line":34,"column":80}},"5":{"start":{"line":35,"column":4},"end":{"line":36,"column":null}},"6":{"start":{"line":39,"column":4},"end":{"line":39,"column":null}},"7":{"start":{"line":41,"column":39},"end":{"line":41,"column":61}},"8":{"start":{"line":51,"column":4},"end":{"line":51,"column":79}},"9":{"start":{"line":52,"column":4},"end":{"line":52,"column":85}},"10":{"start":{"line":53,"column":4},"end":{"line":53,"column":93}},"11":{"start":{"line":54,"column":4},"end":{"line":54,"column":96}},"12":{"start":{"line":56,"column":4},"end":{"line":56,"column":97}},"13":{"start":{"line":67,"column":4},"end":{"line":67,"column":80}},"14":{"start":{"line":69,"column":4},"end":{"line":70,"column":null}},"15":{"start":{"line":72,"column":4},"end":{"line":72,"column":88}},"16":{"start":{"line":74,"column":4},"end":{"line":74,"column":81}},"17":{"start":{"line":86,"column":4},"end":{"line":86,"column":94}},"18":{"start":{"line":13,"column":27},"end":{"line":13,"column":null}},"19":{"start":{"line":15,"column":36},"end":{"line":15,"column":47}},"20":{"start":{"line":18,"column":4},"end":{"line":20,"column":16}},"21":{"start":{"line":24,"column":21},"end":{"line":24,"column":null}},"22":{"start":{"line":26,"column":30},"end":{"line":26,"column":41}},"23":{"start":{"line":29,"column":4},"end":{"line":42,"column":16}},"24":{"start":{"line":46,"column":23},"end":{"line":46,"column":null}},"25":{"start":{"line":48,"column":32},"end":{"line":48,"column":43}},"26":{"start":{"line":51,"column":4},"end":{"line":58,"column":16}},"27":{"start":{"line":62,"column":23},"end":{"line":62,"column":null}},"28":{"start":{"line":64,"column":32},"end":{"line":64,"column":43}},"29":{"start":{"line":67,"column":4},"end":{"line":76,"column":16}},"30":{"start":{"line":80,"column":21},"end":{"line":80,"column":null}},"31":{"start":{"line":82,"column":34},"end":{"line":82,"column":45}},"32":{"start":{"line":86,"column":4},"end":{"line":87,"column":16}}},"fnMap":{"0":{"name":"(anonymous_2)","decl":{"start":{"line":13,"column":6},"end":{"line":13,"column":27}},"loc":{"start":{"line":13,"column":27},"end":{"line":13,"column":null}}},"1":{"name":"(anonymous_3)","decl":{"start":{"line":15,"column":23},"end":{"line":15,"column":36}},"loc":{"start":{"line":15,"column":36},"end":{"line":15,"column":47}}},"2":{"name":"(anonymous_4)","decl":{"start":{"line":15,"column":47},"end":{"line":15,"column":null}},"loc":{"start":{"line":18,"column":4},"end":{"line":20,"column":16}}},"3":{"name":"(anonymous_5)","decl":{"start":{"line":24,"column":6},"end":{"line":24,"column":21}},"loc":{"start":{"line":24,"column":21},"end":{"line":24,"column":null}}},"4":{"name":"(anonymous_6)","decl":{"start":{"line":26,"column":23},"end":{"line":26,"column":30}},"loc":{"start":{"line":26,"column":30},"end":{"line":26,"column":41}}},"5":{"name":"(anonymous_7)","decl":{"start":{"line":26,"column":41},"end":{"line":26,"column":null}},"loc":{"start":{"line":29,"column":4},"end":{"line":42,"column":16}}},"6":{"name":"(anonymous_8)","decl":{"start":{"line":46,"column":6},"end":{"line":46,"column":23}},"loc":{"start":{"line":46,"column":23},"end":{"line":46,"column":null}}},"7":{"name":"(anonymous_9)","decl":{"start":{"line":48,"column":23},"end":{"line":48,"column":32}},"loc":{"start":{"line":48,"column":32},"end":{"line":48,"column":43}}},"8":{"name":"(anonymous_10)","decl":{"start":{"line":48,"column":43},"end":{"line":48,"column":null}},"loc":{"start":{"line":51,"column":4},"end":{"line":58,"column":16}}},"9":{"name":"(anonymous_11)","decl":{"start":{"line":62,"column":6},"end":{"line":62,"column":23}},"loc":{"start":{"line":62,"column":23},"end":{"line":62,"column":null}}},"10":{"name":"(anonymous_12)","decl":{"start":{"line":64,"column":23},"end":{"line":64,"column":32}},"loc":{"start":{"line":64,"column":32},"end":{"line":64,"column":43}}},"11":{"name":"(anonymous_13)","decl":{"start":{"line":64,"column":43},"end":{"line":64,"column":null}},"loc":{"start":{"line":67,"column":4},"end":{"line":76,"column":16}}},"12":{"name":"(anonymous_14)","decl":{"start":{"line":80,"column":6},"end":{"line":80,"column":21}},"loc":{"start":{"line":80,"column":21},"end":{"line":80,"column":null}}},"13":{"name":"(anonymous_15)","decl":{"start":{"line":82,"column":23},"end":{"line":82,"column":34}},"loc":{"start":{"line":82,"column":34},"end":{"line":82,"column":45}}},"14":{"name":"(anonymous_16)","decl":{"start":{"line":82,"column":45},"end":{"line":82,"column":null}},"loc":{"start":{"line":86,"column":4},"end":{"line":87,"column":16}}}},"branchMap":{},"s":{"0":0,"1":0,"2":0,"3":0,"4":0,"5":0,"6":0,"7":0,"8":0,"9":0,"10":0,"11":0,"12":0,"13":0,"14":0,"15":0,"16":0,"17":0,"18":0,"19":0,"20":0,"21":0,"22":0,"23":0,"24":0,"25":0,"26":0,"27":0,"28":0,"29":0,"30":0,"31":0,"32":0},"f":{"0":0,"1":0,"2":0,"3":0,"4":0,"5":0,"6":0,"7":0,"8":0,"9":0,"10":0,"11":0,"12":0,"13":0,"14":0},"b":{}}
,"/Users/kinyano/Desktop/historia/src/components/WelcomeItem.vue": {"path":"/Users/kinyano/Desktop/historia/src/components/WelcomeItem.vue","statementMap":{"0":{"start":{"line":2,"column":7},"end":{"line":2,"column":null}},"1":{"start":{"line":2,"column":12},"end":{"line":2,"column":null}},"2":{"start":{"line":6,"column":9},"end":{"line":6,"column":24}}},"fnMap":{"0":{"name":"(anonymous_0)","decl":{"start":{"line":2,"column":7},"end":{"line":2,"column":12}},"loc":{"start":{"line":2,"column":12},"end":{"line":2,"column":null}}}},"branchMap":{},"s":{"0":0,"1":0,"2":0},"f":{"0":0},"b":{}}
,"/Users/kinyano/Desktop/historia/src/components/icons/IconCommunity.vue": {"path":"/Users/kinyano/Desktop/historia/src/components/icons/IconCommunity.vue","statementMap":{"0":{"start":{"line":2,"column":13},"end":{"line":3,"column":null}}},"fnMap":{},"branchMap":{},"s":{"0":0},"f":{},"b":{}}
,"/Users/kinyano/Desktop/historia/src/components/icons/IconDocumentation.vue": {"path":"/Users/kinyano/Desktop/historia/src/components/icons/IconDocumentation.vue","statementMap":{"0":{"start":{"line":2,"column":13},"end":{"line":3,"column":null}}},"fnMap":{},"branchMap":{},"s":{"0":0},"f":{},"b":{}}
,"/Users/kinyano/Desktop/historia/src/components/icons/IconEcosystem.vue": {"path":"/Users/kinyano/Desktop/historia/src/components/icons/IconEcosystem.vue","statementMap":{"0":{"start":{"line":2,"column":13},"end":{"line":3,"column":null}}},"fnMap":{},"branchMap":{},"s":{"0":0},"f":{},"b":{}}
,"/Users/kinyano/Desktop/historia/src/components/icons/IconSupport.vue": {"path":"/Users/kinyano/Desktop/historia/src/components/icons/IconSupport.vue","statementMap":{"0":{"start":{"line":2,"column":13},"end":{"line":3,"column":null}}},"fnMap":{},"branchMap":{},"s":{"0":0},"f":{},"b":{}}
,"/Users/kinyano/Desktop/historia/src/components/icons/IconTooling.vue": {"path":"/Users/kinyano/Desktop/historia/src/components/icons/IconTooling.vue","statementMap":{"0":{"start":{"line":4,"column":10},"end":{"line":14,"column":null}}},"fnMap":{},"branchMap":{},"s":{"0":0},"f":{},"b":{}}
,"/Users/kinyano/Desktop/historia/src/views/AboutView.vue": {"path":"/Users/kinyano/Desktop/historia/src/views/AboutView.vue","statementMap":{"0":{"start":{"line":3,"column":4},"end":{"line":3,"column":8}}},"fnMap":{},"branchMap":{},"s":{"0":0},"f":{},"b":{}}
,"/Users/kinyano/Desktop/historia/src/views/HomeView.vue": {"path":"/Users/kinyano/Desktop/historia/src/views/HomeView.vue","statementMap":{"0":{"start":{"line":6,"column":2},"end":{"line":7,"column":null}}},"fnMap":{},"branchMap":{},"s":{"0":0},"f":{},"b":{}}
}
